<?xml version="1.0" encoding="UTF-8"?>
<!-- Generated by org.testng.reporters.JUnitReportReporter -->
<testsuite hostname="SaiKumar" failures="0" tests="1" name="com.eduwis.base.sample_class" time="0.026" errors="0" timestamp="2024-01-23T16:08:41 IST" skipped="0">
  <testcase classname="com.eduwis.base.sample_class" name="sampletest" time="0.026"/>
</testsuite> <!-- com.eduwis.base.sample_class -->
