<?xml version="1.0" encoding="UTF-8"?>
<!-- Generated by org.testng.reporters.JUnitReportReporter -->
<testsuite hostname="SaiKumar" failures="0" tests="1" name="com.eduwis.base.Base_class" time="2.457" errors="0" timestamp="2024-01-23T17:03:48 IST" skipped="0">
  <testcase classname="com.eduwis.base.Base_class" name="process" time="2.457"/>
</testsuite> <!-- com.eduwis.base.Base_class -->
