<?xml version="1.0" encoding="UTF-8"?>
<!-- Generated by org.testng.reporters.JUnitReportReporter -->
<testsuite hostname="SaiKumar" failures="0" tests="1" name="com.eduwis.testcases.Admin_Login" time="37.920" errors="0" timestamp="2024-02-05T17:28:21 IST" skipped="0">
  <testcase classname="com.eduwis.testcases.Admin_Login" name="login" time="37.920"/>
</testsuite> <!-- com.eduwis.testcases.Admin_Login -->
