<?xml version="1.0" encoding="UTF-8"?>
<!-- Generated by org.testng.reporters.JUnitReportReporter -->
<testsuite hostname="SaiKumar" failures="0" tests="1" name="com.eduwis.testcases.Add_Leave" time="13.132" errors="0" timestamp="2024-01-31T10:24:19 IST" skipped="0">
  <testcase classname="com.eduwis.testcases.Add_Leave" name="Apply_Leave" time="13.132"/>
</testsuite> <!-- com.eduwis.testcases.Add_Leave -->
