<?xml version="1.0" encoding="UTF-8"?>
<!-- Generated by org.testng.reporters.JUnitReportReporter -->
<testsuite hostname="SaiKumar" failures="0" tests="1" name="com.eduwis.testcases.sample_class" time="0.023" errors="0" timestamp="2024-01-23T16:36:40 IST" skipped="0">
  <testcase classname="com.eduwis.testcases.sample_class" name="sampletest" time="0.023"/>
</testsuite> <!-- com.eduwis.testcases.sample_class -->
