<?xml version="1.0" encoding="UTF-8"?>
<!-- Generated by org.testng.reporters.JUnitReportReporter -->
<testsuite hostname="LAPTOP-FF1D2J10" failures="0" tests="1" name="com.eduwis.testcases.Sample_Login_Testcase" time="13.220" errors="0" timestamp="2024-02-06T20:08:55 IST" skipped="0">
  <testcase classname="com.eduwis.testcases.Sample_Login_Testcase" name="login" time="13.220"/>
</testsuite> <!-- com.eduwis.testcases.Sample_Login_Testcase -->
