<?xml version="1.0" encoding="UTF-8"?>
<!-- Generated by org.testng.reporters.JUnitReportReporter -->
<testsuite hostname="LAPTOP-FF1D2J10" failures="0" tests="3" name="com.eduwis.testcases.TS_001_TC_AT_SA_0001" time="36.376" errors="0" timestamp="2024-02-08T11:06:35 IST" skipped="0">
  <testcase classname="com.eduwis.testcases.TS_001_TC_AT_SA_0001" name="ClassDropdownValidation" time="13.328"/>
  <testcase classname="com.eduwis.testcases.TS_001_TC_AT_SA_0001" name="SectionDropdownValidation" time="5.587"/>
  <testcase classname="com.eduwis.testcases.TS_001_TC_AT_SA_0001" name="StudentAttendance_Searching" time="17.461"/>
</testsuite> <!-- com.eduwis.testcases.TS_001_TC_AT_SA_0001 -->
